<?xml version="1.0" encoding="UTF-8"?>
<!-- Generated by org.testng.reporters.JUnitReportReporter -->
<testsuite skipped="0" hostname="tAaesha" name="SeleniumTest.SecondMavenTest" tests="1" failures="0" timestamp="18 May 2018 23:44:54 GMT" time="0.000" errors="0">
  <testcase name="testMaven" time="0.000" classname="SeleniumTest.SecondMavenTest"/>
</testsuite> <!-- SeleniumTest.SecondMavenTest -->
