<?xml version="1.0" encoding="UTF-8"?>
<!-- Generated by org.testng.reporters.JUnitReportReporter -->
<testsuite skipped="0" hostname="tAaesha" name="SeleniumTest.FirstMavenTest" tests="1" failures="0" timestamp="18 May 2018 23:44:54 GMT" time="0.016" errors="0">
  <testcase name="testMaven" time="0.016" classname="SeleniumTest.FirstMavenTest"/>
</testsuite> <!-- SeleniumTest.FirstMavenTest -->
